0 verbose cli C:\Program Files\nodejs\node.exe C:\Users\Rama Zolie\AppData\Roaming\npm\node_modules\npm\bin\npm-cli.js
1 info using npm@10.9.2
2 info using node@v20.13.1
3 silly config load:file:C:\Users\Rama Zolie\AppData\Roaming\npm\node_modules\npm\npmrc
4 silly config load:file:c:\Users\Rama Zolie\Desktop\Tji-TELIMAN-WEB\tji_teliman_web\.npmrc
5 silly config load:file:C:\Users\Rama Zolie\.npmrc
6 silly config load:file:C:\Users\Rama Zolie\AppData\Roaming\npm\etc\npmrc
7 verbose title npm view tailwindcss description dist-tags.latest homepage version time
8 verbose argv "view" "--json" "--" "tailwindcss" "description" "dist-tags.latest" "homepage" "version" "time"
9 verbose logfile logs-max:10 dir:c:\Users\Rama Zolie\Desktop\Tji-TELIMAN-WEB\tji_teliman_web\clean-install\_logs\2025-11-04T22_59_50_069Z-
10 verbose logfile c:\Users\Rama Zolie\Desktop\Tji-TELIMAN-WEB\tji_teliman_web\clean-install\_logs\2025-11-04T22_59_50_069Z-debug-0.log
11 silly logfile start cleaning logs, removing 2 files
12 silly logfile done cleaning log files
13 http fetch GET 200 https://registry.npmjs.org/tailwindcss 1428ms (cache revalidated)
14 verbose cwd c:\Users\Rama Zolie\Desktop\Tji-TELIMAN-WEB\tji_teliman_web
15 verbose os Windows_NT 10.0.19045
16 verbose node v20.13.1
17 verbose npm  v10.9.2
18 verbose exit 0
19 info ok
