0 verbose cli C:\Program Files\nodejs\node.exe C:\Users\Rama Zolie\AppData\Roaming\npm\node_modules\npm\bin\npm-cli.js
1 info using npm@10.9.2
2 info using node@v20.13.1
3 silly config load:file:C:\Users\Rama Zolie\AppData\Roaming\npm\node_modules\npm\npmrc
4 silly config load:file:c:\Users\Rama Zolie\Desktop\Tji-TELIMAN-WEB\tji_teliman_web\.npmrc
5 silly config load:file:C:\Users\Rama Zolie\.npmrc
6 silly config load:file:C:\Users\Rama Zolie\AppData\Roaming\npm\etc\npmrc
7 verbose title npm outdated
8 verbose argv "outdated" "--json"
9 verbose logfile logs-max:10 dir:c:\Users\Rama Zolie\Desktop\Tji-TELIMAN-WEB\tji_teliman_web\clean-install\_logs\2025-11-02T09_49_36_758Z-
10 verbose logfile c:\Users\Rama Zolie\Desktop\Tji-TELIMAN-WEB\tji_teliman_web\clean-install\_logs\2025-11-02T09_49_36_758Z-debug-0.log
0 verbose cli C:\Program Files\nodejs\node.exe C:\Users\Rama Zolie\AppData\Roaming\npm\node_modules\npm\bin\npm-cli.js
1 info using npm@10.9.2
2 info using node@v20.13.1
3 silly config load:file:C:\Users\Rama Zolie\AppData\Roaming\npm\node_modules\npm\npmrc
4 silly config load:file:c:\Users\Rama Zolie\Desktop\Tji-TELIMAN-WEB\tji_teliman_web\.npmrc
5 silly config load:file:C:\Users\Rama Zolie\.npmrc
6 silly config load:file:C:\Users\Rama Zolie\AppData\Roaming\npm\etc\npmrc
7 verbose title npm outdated
8 verbose argv "outdated" "--json"
9 verbose logfile logs-max:10 dir:c:\Users\Rama Zolie\Desktop\Tji-TELIMAN-WEB\tji_teliman_web\clean-install\_logs\2025-11-02T09_49_36_758Z-
10 verbose logfile c:\Users\Rama Zolie\Desktop\Tji-TELIMAN-WEB\tji_teliman_web\clean-install\_logs\2025-11-02T09_49_36_758Z-debug-0.log
11 silly logfile start cleaning logs, removing 1 files
11 silly logfile start cleaning logs, removing 1 files
12 silly packumentCache heap:2197815296 maxSize:549453824 maxEntrySize:274726912
13 silly logfile done cleaning log files
12 silly packumentCache heap:2197815296 maxSize:549453824 maxEntrySize:274726912
13 silly logfile done cleaning log files
14 http fetch GET 200 https://registry.npmjs.org/@angular%2fplatform-browser 4418ms (cache revalidated)
14 http fetch GET 200 https://registry.npmjs.org/@angular%2fcompiler 4993ms (cache revalidated)
15 http fetch GET 200 https://registry.npmjs.org/@angular%2fcompiler 5460ms (cache revalidated)
16 http fetch GET 200 https://registry.npmjs.org/@angular%2fcore 5995ms (cache revalidated)
15 http fetch GET 200 https://registry.npmjs.org/@angular%2fcore 5770ms (cache revalidated)
17 http fetch GET 200 https://registry.npmjs.org/@angular%2fcommon 6481ms (cache revalidated)
16 http fetch GET 200 https://registry.npmjs.org/@angular%2frouter 6122ms (cache revalidated)
18 http fetch GET 200 https://registry.npmjs.org/source-map 6893ms (cache revalidated)
19 http fetch GET 200 https://registry.npmjs.org/@angular%2frouter 6914ms (cache revalidated)
17 http fetch GET 200 https://registry.npmjs.org/@angular%2fcommon 6717ms (cache revalidated)
18 http fetch GET 200 https://registry.npmjs.org/@angular%2fplatform-browser 7034ms (cache revalidated)
20 http fetch GET 200 https://registry.npmjs.org/tslib 7449ms (cache revalidated)
21 http fetch GET 200 https://registry.npmjs.org/rxjs 7461ms (cache revalidated)
22 http fetch GET 200 https://registry.npmjs.org/zone.js 7512ms (cache revalidated)
23 http fetch GET 200 https://registry.npmjs.org/@angular%2fforms 7549ms (cache revalidated)
19 http fetch GET 200 https://registry.npmjs.org/source-map 7357ms (cache revalidated)
20 http fetch GET 200 https://registry.npmjs.org/@angular%2fforms 7463ms (cache revalidated)
24 http fetch GET 200 https://registry.npmjs.org/@types%2fjasmine 8028ms (cache revalidated)
25 http fetch GET 200 https://registry.npmjs.org/@angular%2fcli 8051ms (cache revalidated)
21 http fetch GET 200 https://registry.npmjs.org/tslib 7855ms (cache revalidated)
22 http fetch GET 200 https://registry.npmjs.org/rxjs 7942ms (cache revalidated)
23 http fetch GET 200 https://registry.npmjs.org/zone.js 7973ms (cache revalidated)
24 http fetch GET 200 https://registry.npmjs.org/@angular%2fbuild 7970ms (cache revalidated)
25 http fetch GET 200 https://registry.npmjs.org/@types%2fjasmine 8191ms (cache revalidated)
26 http fetch GET 200 https://registry.npmjs.org/jasmine-core 8194ms (cache revalidated)
27 http fetch GET 200 https://registry.npmjs.org/@angular%2fcli 8312ms (cache revalidated)
26 http fetch GET 200 https://registry.npmjs.org/@angular%2fbuild 9089ms (cache revalidated)
27 http fetch GET 200 https://registry.npmjs.org/jasmine-core 9288ms (cache revalidated)
28 http fetch GET 200 https://registry.npmjs.org/karma 9377ms (cache revalidated)
29 http fetch GET 200 https://registry.npmjs.org/karma-jasmine-html-reporter 9371ms (cache revalidated)
30 http fetch GET 200 https://registry.npmjs.org/karma-coverage 9381ms (cache revalidated)
31 http fetch GET 200 https://registry.npmjs.org/karma-chrome-launcher 9453ms (cache revalidated)
32 http fetch GET 200 https://registry.npmjs.org/karma-jasmine 9434ms (cache revalidated)
33 http fetch GET 200 https://registry.npmjs.org/@angular%2fcompiler-cli 9476ms (cache revalidated)
28 http fetch GET 200 https://registry.npmjs.org/karma-jasmine-html-reporter 9155ms (cache revalidated)
29 http fetch GET 200 https://registry.npmjs.org/karma 9175ms (cache revalidated)
30 http fetch GET 200 https://registry.npmjs.org/@angular%2fcompiler-cli 9316ms (cache revalidated)
31 http fetch GET 200 https://registry.npmjs.org/karma-chrome-launcher 9966ms (cache revalidated)
32 http fetch GET 200 https://registry.npmjs.org/karma-jasmine 9965ms (cache revalidated)
34 http fetch GET 200 https://registry.npmjs.org/@fortawesome%2fangular-fontawesome 10336ms (cache miss)
33 http fetch GET 200 https://registry.npmjs.org/karma-coverage 9971ms (cache revalidated)
35 http fetch GET 200 https://registry.npmjs.org/@fortawesome%2ffree-solid-svg-icons 10418ms (cache miss)
34 http fetch GET 200 https://registry.npmjs.org/@fortawesome%2fangular-fontawesome 10132ms (cache miss)
35 http fetch GET 200 https://registry.npmjs.org/@fortawesome%2ffree-solid-svg-icons 10219ms (cache miss)
36 http fetch GET 200 https://registry.npmjs.org/@angular%2fcdk 10826ms (cache updated)
36 http fetch GET 200 https://registry.npmjs.org/@angular%2fcdk 10635ms (cache updated)
37 http fetch GET 200 https://registry.npmjs.org/@angular%2fmaterial 10696ms (cache updated)
37 http fetch GET 200 https://registry.npmjs.org/@angular%2fmaterial 11029ms (cache updated)
38 http fetch GET 200 https://registry.npmjs.org/typescript 13325ms (cache updated)
38 http fetch GET 200 https://registry.npmjs.org/typescript 13715ms (cache updated)
39 verbose cwd c:\Users\Rama Zolie\Desktop\Tji-TELIMAN-WEB\tji_teliman_web
40 verbose os Windows_NT 10.0.19045
41 verbose node v20.13.1
42 verbose npm  v10.9.2
43 verbose exit 1
44 verbose code 1
39 verbose cwd c:\Users\Rama Zolie\Desktop\Tji-TELIMAN-WEB\tji_teliman_web
40 verbose os Windows_NT 10.0.19045
41 verbose node v20.13.1
42 verbose npm  v10.9.2
43 verbose exit 1
44 verbose code 1
