0 verbose cli C:\Program Files\nodejs\node.exe C:\Users\Rama Zolie\AppData\Roaming\npm\node_modules\npm\bin\npm-cli.js
1 info using npm@10.9.2
2 info using node@v20.13.1
3 silly config load:file:C:\Users\Rama Zolie\AppData\Roaming\npm\node_modules\npm\npmrc
4 silly config load:file:c:\Users\Rama Zolie\Desktop\Tji-TELIMAN-WEB\tji_teliman_web\.npmrc
5 silly config load:file:C:\Users\Rama Zolie\.npmrc
6 silly config load:file:C:\Users\Rama Zolie\AppData\Roaming\npm\etc\npmrc
7 verbose title npm outdated
8 verbose argv "outdated" "--json"
9 verbose logfile logs-max:10 dir:c:\Users\Rama Zolie\Desktop\Tji-TELIMAN-WEB\tji_teliman_web\clean-install\_logs\2025-10-30T11_23_48_913Z-
10 verbose logfile c:\Users\Rama Zolie\Desktop\Tji-TELIMAN-WEB\tji_teliman_web\clean-install\_logs\2025-10-30T11_23_48_913Z-debug-0.log
11 silly logfile start cleaning logs, removing 2 files
12 silly packumentCache heap:2197815296 maxSize:549453824 maxEntrySize:274726912
13 silly logfile done cleaning log files
14 http fetch GET 200 https://registry.npmjs.org/jasmine-core 1727ms (cache miss)
15 http fetch GET 200 https://registry.npmjs.org/zone.js 1794ms (cache miss)
16 http fetch GET 200 https://registry.npmjs.org/source-map 1918ms (cache miss)
17 http fetch GET 200 https://registry.npmjs.org/@types%2fjasmine 1910ms (cache miss)
18 http fetch GET 200 https://registry.npmjs.org/tslib 2018ms (cache miss)
19 http fetch GET 200 https://registry.npmjs.org/@angular%2fbuild 2022ms (cache miss)
20 http fetch GET 200 https://registry.npmjs.org/rxjs 2617ms (cache miss)
21 http fetch GET 200 https://registry.npmjs.org/karma-chrome-launcher 2629ms (cache miss)
22 http fetch GET 200 https://registry.npmjs.org/karma-coverage 2661ms (cache miss)
23 http fetch GET 200 https://registry.npmjs.org/karma-jasmine-html-reporter 2706ms (cache miss)
24 http fetch GET 200 https://registry.npmjs.org/karma 2757ms (cache miss)
25 http fetch GET 200 https://registry.npmjs.org/karma-jasmine 3079ms (cache miss)
26 http fetch GET 200 https://registry.npmjs.org/@angular%2fcli 5080ms (cache miss)
27 http fetch GET 200 https://registry.npmjs.org/@angular%2fforms 6085ms (cache miss)
28 http fetch GET 200 https://registry.npmjs.org/@angular%2fplatform-browser 6819ms (cache miss)
29 http fetch GET 200 https://registry.npmjs.org/@angular%2fcompiler-cli 7569ms (cache miss)
30 http fetch GET 200 https://registry.npmjs.org/@angular%2frouter 7953ms (cache miss)
31 http fetch GET 200 https://registry.npmjs.org/@angular%2fcommon 8386ms (cache miss)
32 http fetch GET 200 https://registry.npmjs.org/@angular%2fcore 9988ms (cache miss)
33 http fetch GET 200 https://registry.npmjs.org/@angular%2fcompiler 11587ms (cache miss)
34 http fetch GET 200 https://registry.npmjs.org/typescript 11694ms (cache miss)
35 verbose cwd c:\Users\Rama Zolie\Desktop\Tji-TELIMAN-WEB\tji_teliman_web
36 verbose os Windows_NT 10.0.19045
37 verbose node v20.13.1
38 verbose npm  v10.9.2
39 verbose exit 1
40 verbose code 1
