0 verbose cli C:\Program Files\nodejs\node.exe C:\Users\Rama Zolie\AppData\Roaming\npm\node_modules\npm\bin\npm-cli.js
1 info using npm@10.9.2
2 info using node@v20.13.1
3 silly config load:file:C:\Users\Rama Zolie\AppData\Roaming\npm\node_modules\npm\npmrc
4 silly config load:file:c:\Users\Rama Zolie\Desktop\Tji-TELIMAN-WEB\tji_teliman_web\.npmrc
5 silly config load:file:C:\Users\Rama Zolie\.npmrc
6 silly config load:file:C:\Users\Rama Zolie\AppData\Roaming\npm\etc\npmrc
7 verbose title npm outdated
8 verbose argv "outdated" "--json"
9 verbose logfile logs-max:10 dir:c:\Users\Rama Zolie\Desktop\Tji-TELIMAN-WEB\tji_teliman_web\clean-install\_logs\2025-10-30T13_46_05_663Z-
10 verbose logfile c:\Users\Rama Zolie\Desktop\Tji-TELIMAN-WEB\tji_teliman_web\clean-install\_logs\2025-10-30T13_46_05_663Z-debug-0.log
11 silly logfile start cleaning logs, removing 1 files
12 silly packumentCache heap:2197815296 maxSize:549453824 maxEntrySize:274726912
13 silly logfile done cleaning log files
14 http fetch GET 200 https://registry.npmjs.org/@angular%2fbuild 1866ms (cache revalidated)
15 http fetch GET 200 https://registry.npmjs.org/zone.js 2377ms (cache revalidated)
16 http fetch GET 200 https://registry.npmjs.org/@angular%2fcli 2390ms (cache revalidated)
17 http fetch GET 200 https://registry.npmjs.org/@angular%2fcompiler 3945ms (cache revalidated)
18 http fetch GET 200 https://registry.npmjs.org/tslib 4577ms (cache revalidated)
19 http fetch GET 200 https://registry.npmjs.org/@angular%2fcommon 4613ms (cache revalidated)
20 http fetch GET 200 https://registry.npmjs.org/rxjs 5242ms (cache revalidated)
21 http fetch GET 200 https://registry.npmjs.org/jasmine-core 5137ms (cache revalidated)
22 http fetch GET 200 https://registry.npmjs.org/@angular%2frouter 5279ms (cache revalidated)
23 http fetch GET 200 https://registry.npmjs.org/@angular%2fcore 5819ms (cache revalidated)
24 http fetch GET 200 https://registry.npmjs.org/karma-chrome-launcher 6128ms (cache revalidated)
25 http fetch GET 200 https://registry.npmjs.org/source-map 6262ms (cache revalidated)
26 http fetch GET 200 https://registry.npmjs.org/@angular%2fcompiler-cli 6171ms (cache revalidated)
27 http fetch GET 200 https://registry.npmjs.org/@types%2fjasmine 6489ms (cache revalidated)
28 http fetch GET 200 https://registry.npmjs.org/karma-jasmine 6573ms (cache revalidated)
29 http fetch GET 200 https://registry.npmjs.org/karma 6584ms (cache revalidated)
30 http fetch GET 200 https://registry.npmjs.org/karma-jasmine-html-reporter 6632ms (cache revalidated)
31 http fetch GET 200 https://registry.npmjs.org/karma-coverage 6644ms (cache revalidated)
32 http fetch GET 200 https://registry.npmjs.org/typescript 6703ms (cache revalidated)
33 http fetch GET 200 https://registry.npmjs.org/@angular%2fplatform-browser 7186ms (cache revalidated)
34 http fetch GET 200 https://registry.npmjs.org/@angular%2fforms 7659ms (cache revalidated)
35 http fetch GET 200 https://registry.npmjs.org/@angular%2fmaterial 8718ms (cache miss)
36 http fetch GET 200 https://registry.npmjs.org/@angular%2fcdk 8911ms (cache miss)
37 verbose cwd c:\Users\Rama Zolie\Desktop\Tji-TELIMAN-WEB\tji_teliman_web
38 verbose os Windows_NT 10.0.19045
39 verbose node v20.13.1
40 verbose npm  v10.9.2
41 verbose exit 1
42 verbose code 1
