0 verbose cli C:\Program Files\nodejs\node.exe C:\Users\Rama Zolie\AppData\Roaming\npm\node_modules\npm\bin\npm-cli.js
1 info using npm@10.9.2
2 info using node@v20.13.1
3 silly config load:file:C:\Users\Rama Zolie\AppData\Roaming\npm\node_modules\npm\npmrc
4 silly config load:file:C:\Users\Rama Zolie\Desktop\Tji-TELIMAN-WEB\tji_teliman_web\.npmrc
5 silly config load:file:C:\Users\Rama Zolie\.npmrc
6 silly config load:file:C:\Users\Rama Zolie\AppData\Roaming\npm\etc\npmrc
7 verbose title npm install @angular-devkit/build-angular@latest
8 verbose argv "install" "@angular-devkit/build-angular@latest" "--save-dev"
9 verbose logfile logs-max:10 dir:C:\Users\Rama Zolie\Desktop\Tji-TELIMAN-WEB\tji_teliman_web\clean-install\_logs\2025-11-04T23_01_16_647Z-
10 verbose logfile C:\Users\Rama Zolie\Desktop\Tji-TELIMAN-WEB\tji_teliman_web\clean-install\_logs\2025-11-04T23_01_16_647Z-debug-0.log
11 silly logfile start cleaning logs, removing 1 files
12 silly packumentCache heap:2197815296 maxSize:549453824 maxEntrySize:274726912
13 silly logfile done cleaning log files
14 silly packumentCache corgi:https://registry.npmjs.org/@angular-devkit%2fbuild-angular cache-miss
15 http fetch GET 200 https://registry.npmjs.org/@angular-devkit%2fbuild-angular 1738ms (cache miss)
16 silly packumentCache corgi:https://registry.npmjs.org/@angular-devkit%2fbuild-angular set size:undefined disposed:false
17 silly idealTree buildDeps
18 silly fetch manifest tailwindcss@^3.4.14
19 silly packumentCache full:https://registry.npmjs.org/tailwindcss cache-miss
20 http cache https://registry.npmjs.org/tailwindcss 89ms (cache hit)
21 silly packumentCache full:https://registry.npmjs.org/tailwindcss set size:9825584 disposed:false
22 silly fetch manifest @angular-devkit/build-angular@20.3.8
23 silly packumentCache full:https://registry.npmjs.org/@angular-devkit%2fbuild-angular cache-miss
24 http fetch GET 200 https://registry.npmjs.org/@angular-devkit%2fbuild-angular 1088ms (cache miss)
25 silly packumentCache full:https://registry.npmjs.org/@angular-devkit%2fbuild-angular set size:undefined disposed:false
26 silly fetch manifest @angular/compiler-cli@^20.3.0
27 silly packumentCache full:https://registry.npmjs.org/@angular%2fcompiler-cli cache-miss
28 http fetch GET 200 https://registry.npmjs.org/@angular%2fcompiler-cli 1877ms (cache updated)
29 silly packumentCache full:https://registry.npmjs.org/@angular%2fcompiler-cli set size:undefined disposed:false
30 silly fetch manifest @angular/compiler@^20.3.0
31 silly packumentCache full:https://registry.npmjs.org/@angular%2fcompiler cache-miss
32 http fetch GET 200 https://registry.npmjs.org/@angular%2fcompiler 488ms (cache revalidated)
33 silly packumentCache full:https://registry.npmjs.org/@angular%2fcompiler set size:2533806 disposed:false
34 silly fetch manifest typescript@~5.9.2
35 silly packumentCache full:https://registry.npmjs.org/typescript cache-miss
36 http fetch GET 200 https://registry.npmjs.org/typescript 11064ms (cache updated)
37 silly packumentCache full:https://registry.npmjs.org/typescript set size:undefined disposed:false
38 silly fetch manifest @angular/core@^20.3.0
39 silly packumentCache full:https://registry.npmjs.org/@angular%2fcore cache-miss
40 http fetch GET 200 https://registry.npmjs.org/@angular%2fcore 228ms (cache revalidated)
41 silly packumentCache full:https://registry.npmjs.org/@angular%2fcore set size:2746033 disposed:false
42 silly fetch manifest rxjs@~7.8.0
43 silly packumentCache full:https://registry.npmjs.org/rxjs cache-miss
44 http fetch GET 200 https://registry.npmjs.org/rxjs 212ms (cache revalidated)
45 silly packumentCache full:https://registry.npmjs.org/rxjs set size:980097 disposed:false
46 silly fetch manifest zone.js@~0.15.0
47 silly packumentCache full:https://registry.npmjs.org/zone.js cache-miss
48 http fetch GET 200 https://registry.npmjs.org/zone.js 167ms (cache revalidated)
49 silly packumentCache full:https://registry.npmjs.org/zone.js set size:365274 disposed:false
50 silly fetch manifest @angular/localize@^20.0.0
51 silly packumentCache full:https://registry.npmjs.org/@angular%2flocalize cache-miss
52 http fetch GET 200 https://registry.npmjs.org/@angular%2flocalize 644ms (cache updated)
53 silly packumentCache full:https://registry.npmjs.org/@angular%2flocalize set size:undefined disposed:false
54 silly fetch manifest @angular/platform-browser@^20.3.0
55 silly packumentCache full:https://registry.npmjs.org/@angular%2fplatform-browser cache-miss
56 http fetch GET 200 https://registry.npmjs.org/@angular%2fplatform-browser 312ms (cache revalidated)
57 silly packumentCache full:https://registry.npmjs.org/@angular%2fplatform-browser set size:2887704 disposed:false
58 silly fetch manifest @angular/animations@20.3.9
59 silly packumentCache full:https://registry.npmjs.org/@angular%2fanimations cache-miss
60 http fetch GET 200 https://registry.npmjs.org/@angular%2fanimations 404ms (cache revalidated)
61 silly packumentCache full:https://registry.npmjs.org/@angular%2fanimations set size:2619745 disposed:false
62 silly fetch manifest @angular/common@^20.3.0
63 silly packumentCache full:https://registry.npmjs.org/@angular%2fcommon cache-miss
64 http fetch GET 200 https://registry.npmjs.org/@angular%2fcommon 266ms (cache revalidated)
65 silly packumentCache full:https://registry.npmjs.org/@angular%2fcommon set size:2890878 disposed:false
66 silly fetch manifest @angular/platform-server@^20.0.0
67 silly packumentCache full:https://registry.npmjs.org/@angular%2fplatform-server cache-miss
68 http fetch GET 200 https://registry.npmjs.org/@angular%2fplatform-server 588ms (cache updated)
69 silly packumentCache full:https://registry.npmjs.org/@angular%2fplatform-server set size:undefined disposed:false
70 silly fetch manifest @angular/service-worker@^20.0.0
71 silly packumentCache full:https://registry.npmjs.org/@angular%2fservice-worker cache-miss
72 http fetch GET 200 https://registry.npmjs.org/@angular%2fservice-worker 455ms (cache updated)
73 silly packumentCache full:https://registry.npmjs.org/@angular%2fservice-worker set size:undefined disposed:false
74 silly fetch manifest @angular/ssr@^20.3.8
75 silly packumentCache full:https://registry.npmjs.org/@angular%2fssr cache-miss
76 http fetch GET 200 https://registry.npmjs.org/@angular%2fssr 422ms (cache updated)
77 silly packumentCache full:https://registry.npmjs.org/@angular%2fssr set size:undefined disposed:false
78 silly fetch manifest @angular/router@^20.3.0
79 silly packumentCache full:https://registry.npmjs.org/@angular%2frouter cache-miss
80 http fetch GET 200 https://registry.npmjs.org/@angular%2frouter 759ms (cache updated)
81 silly packumentCache full:https://registry.npmjs.org/@angular%2frouter set size:undefined disposed:false
82 silly fetch manifest @web/test-runner@^0.20.0
83 silly packumentCache full:https://registry.npmjs.org/@web%2ftest-runner cache-miss
84 http fetch GET 200 https://registry.npmjs.org/@web%2ftest-runner 313ms (cache miss)
85 silly packumentCache full:https://registry.npmjs.org/@web%2ftest-runner set size:undefined disposed:false
86 silly fetch manifest browser-sync@^3.0.2
87 silly packumentCache full:https://registry.npmjs.org/browser-sync cache-miss
88 http fetch GET 200 https://registry.npmjs.org/browser-sync 458ms (cache miss)
89 silly packumentCache full:https://registry.npmjs.org/browser-sync set size:undefined disposed:false
90 silly fetch manifest jest@^29.5.0 || ^30.2.0
91 silly packumentCache full:https://registry.npmjs.org/jest cache-miss
92 http fetch GET 200 https://registry.npmjs.org/jest 252ms (cache miss)
93 silly packumentCache full:https://registry.npmjs.org/jest set size:undefined disposed:false
94 silly fetch manifest node-notifier@^8.0.1 || ^9.0.0 || ^10.0.0
95 silly packumentCache full:https://registry.npmjs.org/node-notifier cache-miss
96 http fetch GET 200 https://registry.npmjs.org/node-notifier 264ms (cache miss)
97 silly packumentCache full:https://registry.npmjs.org/node-notifier set size:undefined disposed:false
98 silly fetch manifest jest-environment-jsdom@^29.5.0 || ^30.2.0
99 silly packumentCache full:https://registry.npmjs.org/jest-environment-jsdom cache-miss
100 http fetch GET 200 https://registry.npmjs.org/jest-environment-jsdom 321ms (cache miss)
101 silly packumentCache full:https://registry.npmjs.org/jest-environment-jsdom set size:undefined disposed:false
102 silly fetch manifest canvas@^3.0.0
103 silly packumentCache full:https://registry.npmjs.org/canvas cache-miss
104 http fetch GET 200 https://registry.npmjs.org/canvas 252ms (cache revalidated)
105 silly packumentCache full:https://registry.npmjs.org/canvas set size:363722 disposed:false
106 silly fetch manifest karma@~6.4.0
107 silly packumentCache full:https://registry.npmjs.org/karma cache-miss
108 http fetch GET 200 https://registry.npmjs.org/karma 599ms (cache revalidated)
109 silly packumentCache full:https://registry.npmjs.org/karma set size:3361521 disposed:false
110 silly fetch manifest ng-packagr@^20.0.0
111 silly packumentCache full:https://registry.npmjs.org/ng-packagr cache-miss
112 http fetch GET 200 https://registry.npmjs.org/ng-packagr 381ms (cache updated)
113 silly packumentCache full:https://registry.npmjs.org/ng-packagr set size:undefined disposed:false
114 silly fetch manifest tslib@^2.3.0
115 silly packumentCache full:https://registry.npmjs.org/tslib cache-miss
116 http fetch GET 200 https://registry.npmjs.org/tslib 339ms (cache updated)
117 silly packumentCache full:https://registry.npmjs.org/tslib set size:undefined disposed:false
118 silly fetch manifest protractor@^7.0.0
119 silly packumentCache full:https://registry.npmjs.org/protractor cache-miss
120 http fetch GET 200 https://registry.npmjs.org/protractor 195ms (cache miss)
121 silly packumentCache full:https://registry.npmjs.org/protractor set size:undefined disposed:false
122 verbose stack Error: could not resolve
122 verbose stack     at PlaceDep.failPeerConflict (C:\Users\Rama Zolie\AppData\Roaming\npm\node_modules\npm\node_modules\@npmcli\arborist\lib\place-dep.js:503:25)
122 verbose stack     at new PlaceDep (C:\Users\Rama Zolie\AppData\Roaming\npm\node_modules\npm\node_modules\@npmcli\arborist\lib\place-dep.js:157:21)
122 verbose stack     at #buildDepStep (C:\Users\Rama Zolie\AppData\Roaming\npm\node_modules\npm\node_modules\@npmcli\arborist\lib\arborist\build-ideal-tree.js:920:18)
122 verbose stack     at async Arborist.buildIdealTree (C:\Users\Rama Zolie\AppData\Roaming\npm\node_modules\npm\node_modules\@npmcli\arborist\lib\arborist\build-ideal-tree.js:181:7)
122 verbose stack     at async Promise.all (index 1)
122 verbose stack     at async Arborist.reify (C:\Users\Rama Zolie\AppData\Roaming\npm\node_modules\npm\node_modules\@npmcli\arborist\lib\arborist\reify.js:131:5)
122 verbose stack     at async Install.exec (C:\Users\Rama Zolie\AppData\Roaming\npm\node_modules\npm\lib\commands\install.js:150:5)
122 verbose stack     at async Npm.exec (C:\Users\Rama Zolie\AppData\Roaming\npm\node_modules\npm\lib\npm.js:207:9)
122 verbose stack     at async module.exports (C:\Users\Rama Zolie\AppData\Roaming\npm\node_modules\npm\lib\cli\entry.js:74:5)
123 error code ERESOLVE
124 error ERESOLVE could not resolve
125 error
126 error While resolving: tji-teliman-web@0.0.0
126 error Found: @angular/compiler@20.3.7[2m[22m
126 error [2mnode_modules/@angular/compiler[22m
126 error   [95mpeer[39m @angular/compiler@"^20.0.0" from @angular/build@20.3.7[2m[22m
126 error   [2mnode_modules/@angular/build[22m
126 error     [34mdev[39m @angular/build@"^20.3.7" from the root project
126 error   [95mpeer[39m @angular/compiler@"20.3.7" from @angular/compiler-cli@20.3.7[2m[22m
126 error   [2mnode_modules/@angular/compiler-cli[22m
126 error     [95mpeer[39m @angular/compiler-cli@"^20.0.0" from @angular/build@20.3.7[2m[22m
126 error     [2mnode_modules/@angular/build[22m
126 error       [34mdev[39m @angular/build@"^20.3.7" from the root project
126 error     [34mdev[39m @angular/compiler-cli@"^20.3.0" from the root project
126 error   2 more (@angular/core, the root project)
126 error
126 error Could not resolve dependency:
126 error [34mdev[39m @angular-devkit/build-angular@"20.3.8" from the root project
126 error
126 error Conflicting peer dependency: @angular/compiler@20.3.9[2m[22m
126 error [2mnode_modules/@angular/compiler[22m
126 error   [95mpeer[39m @angular/compiler@"20.3.9" from @angular/compiler-cli@20.3.9[2m[22m
126 error   [2mnode_modules/@angular/compiler-cli[22m
126 error     [34mdev[39m @angular/compiler-cli@"^20.3.0" from the root project
126 error     [95mpeer[39m @angular/compiler-cli@"^20.0.0" from @angular-devkit/build-angular@20.3.8[2m[22m
126 error     [2mnode_modules/@angular-devkit/build-angular[22m
126 error       [34mdev[39m @angular-devkit/build-angular@"20.3.8" from the root project
126 error     2 more (@angular/localize, ng-packagr)
126 error
126 error Fix the upstream dependency conflict, or retry
126 error this command with --force or --legacy-peer-deps
126 error to accept an incorrect (and potentially broken) dependency resolution.
127 error
127 error
127 error For a full report see:
127 error C:\Users\Rama Zolie\Desktop\Tji-TELIMAN-WEB\tji_teliman_web\clean-install\_logs\2025-11-04T23_01_16_647Z-eresolve-report.txt
128 silly unfinished npm timer reify 1762297278385
129 silly unfinished npm timer reify:loadTrees 1762297278409
130 silly unfinished npm timer idealTree:buildDeps 1762297281102
131 silly unfinished npm timer idealTree:#root 1762297281103
132 verbose cwd C:\Users\Rama Zolie\Desktop\Tji-TELIMAN-WEB\tji_teliman_web
133 verbose os Windows_NT 10.0.19045
134 verbose node v20.13.1
135 verbose npm  v10.9.2
136 verbose exit 1
137 verbose code 1
138 error A complete log of this run can be found in: C:\Users\Rama Zolie\Desktop\Tji-TELIMAN-WEB\tji_teliman_web\clean-install\_logs\2025-11-04T23_01_16_647Z-debug-0.log
