0 verbose cli C:\Program Files\nodejs\node.exe C:\Users\Rama Zolie\AppData\Roaming\npm\node_modules\npm\bin\npm-cli.js
1 info using npm@10.9.2
2 info using node@v20.13.1
3 silly config load:file:C:\Users\Rama Zolie\AppData\Roaming\npm\node_modules\npm\npmrc
4 silly config load:file:C:\Users\Rama Zolie\Desktop\Tji-TELIMAN-WEB\tji_teliman_web\.npmrc
5 silly config load:file:C:\Users\Rama Zolie\.npmrc
6 silly config load:file:C:\Users\Rama Zolie\AppData\Roaming\npm\etc\npmrc
7 verbose title npm install tailwindcss@latest postcss autoprefixer
8 verbose argv "install" "--save-dev" "tailwindcss@latest" "postcss" "autoprefixer"
9 verbose logfile logs-max:10 dir:C:\Users\Rama Zolie\Desktop\Tji-TELIMAN-WEB\tji_teliman_web\clean-install\_logs\2025-11-04T23_34_08_731Z-
10 verbose logfile C:\Users\Rama Zolie\Desktop\Tji-TELIMAN-WEB\tji_teliman_web\clean-install\_logs\2025-11-04T23_34_08_731Z-debug-0.log
11 silly logfile start cleaning logs, removing 1 files
12 silly packumentCache heap:2197815296 maxSize:549453824 maxEntrySize:274726912
13 silly logfile done cleaning log files
14 silly packumentCache corgi:https://registry.npmjs.org/tailwindcss cache-miss
15 http fetch GET https://registry.npmjs.org/tailwindcss attempt 1 failed with ENOTFOUND
16 http fetch GET https://registry.npmjs.org/tailwindcss attempt 2 failed with ENOTFOUND
17 http fetch GET https://registry.npmjs.org/tailwindcss attempt 3 failed with ENOTFOUND
18 verbose type system
19 verbose stack FetchError: request to https://registry.npmjs.org/tailwindcss failed, reason: getaddrinfo ENOTFOUND registry.npmjs.org
19 verbose stack     at ClientRequest.<anonymous> (C:\Users\Rama Zolie\AppData\Roaming\npm\node_modules\npm\node_modules\minipass-fetch\lib\index.js:130:14)
19 verbose stack     at ClientRequest.emit (node:events:519:28)
19 verbose stack     at _destroy (node:_http_client:880:13)
19 verbose stack     at onSocketNT (node:_http_client:900:5)
19 verbose stack     at process.processTicksAndRejections (node:internal/process/task_queues:83:21)
20 error code ENOTFOUND
21 error syscall getaddrinfo
22 error errno ENOTFOUND
23 error network request to https://registry.npmjs.org/tailwindcss failed, reason: getaddrinfo ENOTFOUND registry.npmjs.org
24 error network This is a problem related to network connectivity.
24 error network In most cases you are behind a proxy or have bad network settings.
24 error network
24 error network If you are behind a proxy, please make sure that the
24 error network 'proxy' config is set properly.  See: 'npm help config'
25 silly unfinished npm timer reify 1762299251424
26 silly unfinished npm timer reify:loadTrees 1762299251427
27 silly unfinished npm timer idealTree:userRequests 1762299252975
28 verbose cwd C:\Users\Rama Zolie\Desktop\Tji-TELIMAN-WEB\tji_teliman_web
29 verbose os Windows_NT 10.0.19045
30 verbose node v20.13.1
31 verbose npm  v10.9.2
32 verbose exit 1
33 verbose code 1
34 error A complete log of this run can be found in: C:\Users\Rama Zolie\Desktop\Tji-TELIMAN-WEB\tji_teliman_web\clean-install\_logs\2025-11-04T23_34_08_731Z-debug-0.log
