0 verbose cli C:\Program Files\nodejs\node.exe C:\Users\Rama Zolie\AppData\Roaming\npm\node_modules\npm\bin\npm-cli.js
1 info using npm@10.9.2
2 info using node@v20.13.1
3 silly config load:file:C:\Users\Rama Zolie\AppData\Roaming\npm\node_modules\npm\npmrc
4 silly config load:file:c:\Users\Rama Zolie\Desktop\Tji-TELIMAN-WEB\tji_teliman_web\.npmrc
5 silly config load:file:C:\Users\Rama Zolie\.npmrc
6 silly config load:file:C:\Users\Rama Zolie\AppData\Roaming\npm\etc\npmrc
7 verbose title npm outdated
8 verbose argv "outdated" "--json"
9 verbose logfile logs-max:10 dir:c:\Users\Rama Zolie\Desktop\Tji-TELIMAN-WEB\tji_teliman_web\clean-install\_logs\2025-11-05T13_24_59_954Z-
10 verbose logfile c:\Users\Rama Zolie\Desktop\Tji-TELIMAN-WEB\tji_teliman_web\clean-install\_logs\2025-11-05T13_24_59_954Z-debug-0.log
11 silly logfile start cleaning logs, removing 1 files
12 silly packumentCache heap:2197815296 maxSize:549453824 maxEntrySize:274726912
13 silly logfile done cleaning log files
14 http fetch GET 200 https://registry.npmjs.org/@angular%2fcdk 1646ms (cache revalidated)
15 http fetch GET 200 https://registry.npmjs.org/@angular%2fcli 1790ms (cache revalidated)
16 http fetch GET 200 https://registry.npmjs.org/@angular%2fmaterial 2654ms (cache revalidated)
17 http fetch GET 200 https://registry.npmjs.org/@angular%2fcompiler 2692ms (cache revalidated)
18 http fetch GET 200 https://registry.npmjs.org/@angular%2fcore 2919ms (cache revalidated)
19 http fetch GET 200 https://registry.npmjs.org/@angular%2fplatform-browser 3145ms (cache revalidated)
20 http fetch GET 200 https://registry.npmjs.org/@angular%2fcommon 3332ms (cache revalidated)
21 http fetch GET 200 https://registry.npmjs.org/@angular%2frouter 3442ms (cache revalidated)
22 http fetch GET 200 https://registry.npmjs.org/@angular%2fforms 3705ms (cache revalidated)
23 http fetch GET 200 https://registry.npmjs.org/rxjs 3880ms (cache revalidated)
24 http fetch GET 200 https://registry.npmjs.org/@fortawesome%2ffree-solid-svg-icons 3914ms (cache revalidated)
25 http fetch GET 200 https://registry.npmjs.org/@fortawesome%2fangular-fontawesome 3939ms (cache revalidated)
26 http fetch GET 200 https://registry.npmjs.org/karma 3916ms (cache revalidated)
27 http fetch GET 200 https://registry.npmjs.org/tslib 3964ms (cache revalidated)
28 http fetch GET 200 https://registry.npmjs.org/karma-jasmine 3933ms (cache revalidated)
29 http fetch GET 200 https://registry.npmjs.org/source-map 3972ms (cache revalidated)
30 http fetch GET 200 https://registry.npmjs.org/@angular%2fcompiler-cli 3971ms (cache revalidated)
31 http fetch GET 200 https://registry.npmjs.org/karma-coverage 4103ms (cache revalidated)
32 http fetch GET 200 https://registry.npmjs.org/@types%2fjasmine 4135ms (cache revalidated)
33 http fetch GET 200 https://registry.npmjs.org/@fortawesome%2ffontawesome-free 4157ms (cache revalidated)
34 http fetch GET 200 https://registry.npmjs.org/jasmine-core 4139ms (cache revalidated)
35 http fetch GET 200 https://registry.npmjs.org/karma-chrome-launcher 4145ms (cache revalidated)
36 http fetch GET 200 https://registry.npmjs.org/karma-jasmine-html-reporter 4137ms (cache revalidated)
37 http fetch GET 200 https://registry.npmjs.org/zone.js 4174ms (cache revalidated)
38 http fetch GET 200 https://registry.npmjs.org/autoprefixer 4319ms (cache miss)
39 http fetch GET 200 https://registry.npmjs.org/postcss 4316ms (cache miss)
40 http fetch GET 200 https://registry.npmjs.org/tailwindcss 7457ms (cache miss)
41 http fetch GET 200 https://registry.npmjs.org/@angular%2fbuild 9927ms (cache revalidated)
42 http fetch GET 200 https://registry.npmjs.org/typescript 12324ms (cache updated)
43 verbose cwd c:\Users\Rama Zolie\Desktop\Tji-TELIMAN-WEB\tji_teliman_web
44 verbose os Windows_NT 10.0.19045
45 verbose node v20.13.1
46 verbose npm  v10.9.2
47 verbose exit 1
48 verbose code 1
